"e","<resources xmlns:tools=""http://schemas.android.com/tools"">
    <!-- Base application theme. -->
  <style name=""Theme.DogGo"" parent=""Theme.MaterialComponents.DayNight.DarkActionBar"">
      <!-- Primary brand color. -->
      <item name=""colorPrimary"">@color/purple_200</item>
      <item name=""colorPrimaryVariant"">@color/purple_700</item>
      <item name=""colorOnPrimary"">@color/black</item>
      <!-- Secondary brand color. -->
      <item name=""colorSecondary"">@color/teal_200</item>
      <item name=""colorSecondaryVariant"">@color/teal_200</item>
      <item name=""colorOnSecondary"">@color/black</item>
      <!-- Status bar color. -->
      <item name=""android:statusBarColor"" tools:targetApi=""l"">?attr/colorPrimaryVariant</item>
      <!-- Customize your theme here. -->
  </style>
</resources>","","0","1650102648771","themes.xml","1.1.3 for 2021-2022 @t1",
"e","  ","","96","1650102648772","themes.xml","1.1.3 for 2021-2022 @t1",
"e","  ","","190","1650102648773","themes.xml","1.1.3 for 2021-2022 @t1",
"e","  ","","228","1650102648773","themes.xml","1.1.3 for 2021-2022 @t1",
"e","  ","","287","1650102648774","themes.xml","1.1.3 for 2021-2022 @t1",
"e","  ","","353","1650102648774","themes.xml","1.1.3 for 2021-2022 @t1",
"e","  ","","409","1650102648775","themes.xml","1.1.3 for 2021-2022 @t1",
"e","  ","","449","1650102648776","themes.xml","1.1.3 for 2021-2022 @t1",
"e","  ","","508","1650102648776","themes.xml","1.1.3 for 2021-2022 @t1",
"e","  ","","574","1650102648776","themes.xml","1.1.3 for 2021-2022 @t1",
"e","  ","","632","1650102648777","themes.xml","1.1.3 for 2021-2022 @t1",
"e","  ","","667","1650102648777","themes.xml","1.1.3 for 2021-2022 @t1",
"e","  ","","764","1650102648778","themes.xml","1.1.3 for 2021-2022 @t1",
"e","  ","","802","1650102648778","themes.xml","1.1.3 for 2021-2022 @t1",
